mode: set
github.com/fuserobotics/historian/stream/state.go:29.52,31.2 1 1
github.com/fuserobotics/historian/stream/state.go:33.35,35.2 1 1
github.com/fuserobotics/historian/stream/state.go:37.51,41.2 3 1
github.com/fuserobotics/historian/stream/state.go:43.67,46.16 3 1
github.com/fuserobotics/historian/stream/state.go:49.2,49.60 1 1
github.com/fuserobotics/historian/stream/state.go:46.16,48.3 1 0
github.com/fuserobotics/historian/stream/state.go:53.56,55.16 2 1
github.com/fuserobotics/historian/stream/state.go:58.2,58.35 1 1
github.com/fuserobotics/historian/stream/state.go:55.16,57.3 1 0
github.com/fuserobotics/historian/stream/stream.go:20.73,21.20 1 1
github.com/fuserobotics/historian/stream/stream.go:24.2,24.19 1 1
github.com/fuserobotics/historian/stream/stream.go:28.2,28.56 1 1
github.com/fuserobotics/historian/stream/stream.go:21.20,23.3 1 0
github.com/fuserobotics/historian/stream/stream.go:24.19,26.3 1 1
github.com/fuserobotics/historian/stream/stream.go:33.37,37.26 3 1
github.com/fuserobotics/historian/stream/stream.go:40.2,41.48 2 1
github.com/fuserobotics/historian/stream/stream.go:44.2,44.21 1 1
github.com/fuserobotics/historian/stream/stream.go:47.2,48.12 2 1
github.com/fuserobotics/historian/stream/stream.go:37.26,39.3 1 0
github.com/fuserobotics/historian/stream/stream.go:41.48,43.3 1 0
github.com/fuserobotics/historian/stream/stream.go:44.21,46.3 1 0
github.com/fuserobotics/historian/stream/stream.go:52.49,53.26 1 1
github.com/fuserobotics/historian/stream/stream.go:58.2,58.27 1 1
github.com/fuserobotics/historian/stream/stream.go:53.26,54.40 1 1
github.com/fuserobotics/historian/stream/stream.go:54.40,56.4 1 0
github.com/fuserobotics/historian/stream/stream.go:61.73,63.16 2 1
github.com/fuserobotics/historian/stream/stream.go:66.2,66.66 1 1
github.com/fuserobotics/historian/stream/stream.go:63.16,65.3 1 0
github.com/fuserobotics/historian/stream/stream.go:70.61,72.2 1 1
github.com/fuserobotics/historian/stream/streamentrytype_string.go:11.42,12.66 1 0
github.com/fuserobotics/historian/stream/streamentrytype_string.go:15.2,15.85 1 0
github.com/fuserobotics/historian/stream/streamentrytype_string.go:12.66,14.3 1 0
github.com/fuserobotics/historian/stream/config.go:20.36,27.2 1 1
github.com/fuserobotics/historian/stream/cursor.go:61.71,69.2 1 1
github.com/fuserobotics/historian/stream/cursor.go:73.50,74.33 1 1
github.com/fuserobotics/historian/stream/cursor.go:81.2,81.25 1 1
github.com/fuserobotics/historian/stream/cursor.go:74.33,78.3 2 1
github.com/fuserobotics/historian/stream/cursor.go:78.3,80.3 1 1
github.com/fuserobotics/historian/stream/cursor.go:85.45,88.14 3 1
github.com/fuserobotics/historian/stream/cursor.go:91.2,91.39 1 1
github.com/fuserobotics/historian/stream/cursor.go:88.14,90.3 1 1
github.com/fuserobotics/historian/stream/cursor.go:94.52,96.33 1 1
github.com/fuserobotics/historian/stream/cursor.go:100.2,103.45 3 1
github.com/fuserobotics/historian/stream/cursor.go:107.2,109.27 3 1
github.com/fuserobotics/historian/stream/cursor.go:119.2,119.28 1 1
github.com/fuserobotics/historian/stream/cursor.go:96.33,98.3 1 1
github.com/fuserobotics/historian/stream/cursor.go:103.45,105.3 1 1
github.com/fuserobotics/historian/stream/cursor.go:109.27,110.48 1 1
github.com/fuserobotics/historian/stream/cursor.go:110.48,115.4 3 1
github.com/fuserobotics/historian/stream/cursor.go:119.28,121.43 1 1
github.com/fuserobotics/historian/stream/cursor.go:121.43,123.41 1 1
github.com/fuserobotics/historian/stream/cursor.go:123.41,125.5 1 1
github.com/fuserobotics/historian/stream/cursor.go:132.40,134.2 1 1
github.com/fuserobotics/historian/stream/cursor.go:137.45,139.2 1 1
github.com/fuserobotics/historian/stream/cursor.go:142.32,144.2 1 1
github.com/fuserobotics/historian/stream/cursor.go:147.31,151.2 3 1
github.com/fuserobotics/historian/stream/cursor.go:154.43,158.16 3 1
github.com/fuserobotics/historian/stream/cursor.go:161.2,161.17 1 1
github.com/fuserobotics/historian/stream/cursor.go:164.2,164.38 1 1
github.com/fuserobotics/historian/stream/cursor.go:167.2,167.39 1 1
github.com/fuserobotics/historian/stream/cursor.go:170.2,171.12 2 1
github.com/fuserobotics/historian/stream/cursor.go:158.16,160.3 1 0
github.com/fuserobotics/historian/stream/cursor.go:161.17,163.3 1 1
github.com/fuserobotics/historian/stream/cursor.go:164.38,166.3 1 0
github.com/fuserobotics/historian/stream/cursor.go:167.39,169.3 1 0
github.com/fuserobotics/historian/stream/cursor.go:182.44,183.15 1 1
github.com/fuserobotics/historian/stream/cursor.go:192.2,193.15 2 1
github.com/fuserobotics/historian/stream/cursor.go:202.2,202.64 1 1
github.com/fuserobotics/historian/stream/cursor.go:212.2,212.56 1 1
github.com/fuserobotics/historian/stream/cursor.go:219.2,219.58 1 1
github.com/fuserobotics/historian/stream/cursor.go:230.2,230.12 1 1
github.com/fuserobotics/historian/stream/cursor.go:183.15,185.17 1 1
github.com/fuserobotics/historian/stream/cursor.go:185.17,187.4 1 0
github.com/fuserobotics/historian/stream/cursor.go:187.4,189.4 1 1
github.com/fuserobotics/historian/stream/cursor.go:193.15,194.14 1 1
github.com/fuserobotics/historian/stream/cursor.go:194.14,196.4 1 1
github.com/fuserobotics/historian/stream/cursor.go:196.4,198.4 1 1
github.com/fuserobotics/historian/stream/cursor.go:202.64,203.47 1 1
github.com/fuserobotics/historian/stream/cursor.go:206.3,206.15 1 1
github.com/fuserobotics/historian/stream/cursor.go:209.3,209.13 1 1
github.com/fuserobotics/historian/stream/cursor.go:203.47,205.4 1 0
github.com/fuserobotics/historian/stream/cursor.go:206.15,208.4 1 1
github.com/fuserobotics/historian/stream/cursor.go:212.56,215.3 1 0
github.com/fuserobotics/historian/stream/cursor.go:219.58,223.17 3 1
github.com/fuserobotics/historian/stream/cursor.go:226.3,227.8 2 1
github.com/fuserobotics/historian/stream/cursor.go:223.17,225.4 1 0
github.com/fuserobotics/historian/stream/cursor.go:233.67,235.76 2 1
github.com/fuserobotics/historian/stream/cursor.go:243.2,244.16 2 1
github.com/fuserobotics/historian/stream/cursor.go:248.2,248.45 1 1
github.com/fuserobotics/historian/stream/cursor.go:261.2,263.12 3 1
github.com/fuserobotics/historian/stream/cursor.go:235.76,238.17 3 1
github.com/fuserobotics/historian/stream/cursor.go:238.17,240.4 1 0
github.com/fuserobotics/historian/stream/cursor.go:244.16,246.3 1 0
github.com/fuserobotics/historian/stream/cursor.go:248.45,256.3 3 1
github.com/fuserobotics/historian/stream/cursor.go:256.3,256.40 1 0
github.com/fuserobotics/historian/stream/cursor.go:256.40,259.3 2 0
github.com/fuserobotics/historian/stream/cursor.go:270.49,271.15 1 1
github.com/fuserobotics/historian/stream/cursor.go:279.2,279.46 1 1
github.com/fuserobotics/historian/stream/cursor.go:301.2,301.12 1 1
github.com/fuserobotics/historian/stream/cursor.go:271.15,272.17 1 1
github.com/fuserobotics/historian/stream/cursor.go:272.17,274.4 1 0
github.com/fuserobotics/historian/stream/cursor.go:274.4,276.4 1 1
github.com/fuserobotics/historian/stream/cursor.go:279.46,281.17 2 1
github.com/fuserobotics/historian/stream/cursor.go:284.3,284.22 1 1
github.com/fuserobotics/historian/stream/cursor.go:287.3,287.43 1 1
github.com/fuserobotics/historian/stream/cursor.go:290.3,290.53 1 1
github.com/fuserobotics/historian/stream/cursor.go:293.3,293.44 1 1
github.com/fuserobotics/historian/stream/cursor.go:296.3,296.51 1 1
github.com/fuserobotics/historian/stream/cursor.go:281.17,283.4 1 0
github.com/fuserobotics/historian/stream/cursor.go:284.22,285.9 1 1
github.com/fuserobotics/historian/stream/cursor.go:287.43,289.4 1 0
github.com/fuserobotics/historian/stream/cursor.go:290.53,292.4 1 0
github.com/fuserobotics/historian/stream/cursor.go:293.44,294.9 1 1
github.com/fuserobotics/historian/stream/cursor.go:296.51,298.4 1 0
github.com/fuserobotics/historian/stream/cursor.go:305.44,308.16 3 1
github.com/fuserobotics/historian/stream/cursor.go:311.2,315.12 5 1
github.com/fuserobotics/historian/stream/cursor.go:308.16,310.3 1 0
github.com/fuserobotics/historian/stream/cursor.go:319.31,324.2 3 0
github.com/fuserobotics/historian/stream/cursor.go:326.63,327.45 1 1
github.com/fuserobotics/historian/stream/cursor.go:331.2,331.65 1 1
github.com/fuserobotics/historian/stream/cursor.go:334.2,334.12 1 1
github.com/fuserobotics/historian/stream/cursor.go:327.45,329.3 1 0
github.com/fuserobotics/historian/stream/cursor.go:331.65,333.3 1 0
github.com/fuserobotics/historian/stream/cursor.go:338.56,342.61 3 0
github.com/fuserobotics/historian/stream/cursor.go:346.2,346.39 1 0
github.com/fuserobotics/historian/stream/cursor.go:342.61,344.3 1 0
github.com/fuserobotics/historian/stream/cursor.go:346.39,349.3 2 0
github.com/fuserobotics/historian/stream/cursor.go:349.3,351.3 1 0
github.com/fuserobotics/historian/stream/cursor.go:355.106,359.75 3 1
github.com/fuserobotics/historian/stream/cursor.go:363.2,363.55 1 1
github.com/fuserobotics/historian/stream/cursor.go:367.2,370.27 3 1
github.com/fuserobotics/historian/stream/cursor.go:377.2,377.56 1 1
github.com/fuserobotics/historian/stream/cursor.go:382.2,382.95 1 1
github.com/fuserobotics/historian/stream/cursor.go:402.2,402.95 1 1
github.com/fuserobotics/historian/stream/cursor.go:425.2,426.16 2 1
github.com/fuserobotics/historian/stream/cursor.go:430.2,436.62 2 1
github.com/fuserobotics/historian/stream/cursor.go:440.2,444.12 5 1
github.com/fuserobotics/historian/stream/cursor.go:359.75,361.3 1 0
github.com/fuserobotics/historian/stream/cursor.go:363.55,365.3 1 0
github.com/fuserobotics/historian/stream/cursor.go:370.27,371.28 1 1
github.com/fuserobotics/historian/stream/cursor.go:371.28,373.4 1 1
github.com/fuserobotics/historian/stream/cursor.go:374.3,376.3 1 1
github.com/fuserobotics/historian/stream/cursor.go:377.56,379.3 1 0
github.com/fuserobotics/historian/stream/cursor.go:382.95,390.89 3 1
github.com/fuserobotics/historian/stream/cursor.go:395.3,398.13 4 1
github.com/fuserobotics/historian/stream/cursor.go:390.89,392.4 1 0
github.com/fuserobotics/historian/stream/cursor.go:402.95,410.55 2 1
github.com/fuserobotics/historian/stream/cursor.go:414.3,416.47 3 1
github.com/fuserobotics/historian/stream/cursor.go:421.3,421.13 1 1
github.com/fuserobotics/historian/stream/cursor.go:410.55,412.4 1 0
github.com/fuserobotics/historian/stream/cursor.go:416.47,420.4 3 0
github.com/fuserobotics/historian/stream/cursor.go:426.16,428.3 1 0
github.com/fuserobotics/historian/stream/cursor.go:436.62,438.3 1 0
github.com/fuserobotics/historian/stream/cursor.go:448.52,451.13 3 1
github.com/fuserobotics/historian/stream/cursor.go:455.2,455.15 1 1
github.com/fuserobotics/historian/stream/cursor.go:468.2,468.27 1 1
github.com/fuserobotics/historian/stream/cursor.go:475.2,477.49 2 1
github.com/fuserobotics/historian/stream/cursor.go:499.2,500.12 2 1
github.com/fuserobotics/historian/stream/cursor.go:451.13,453.3 1 0
github.com/fuserobotics/historian/stream/cursor.go:455.15,457.63 1 1
github.com/fuserobotics/historian/stream/cursor.go:464.3,464.31 1 1
github.com/fuserobotics/historian/stream/cursor.go:457.63,463.4 5 1
github.com/fuserobotics/historian/stream/cursor.go:468.27,470.46 2 1
github.com/fuserobotics/historian/stream/cursor.go:470.46,472.4 1 1
github.com/fuserobotics/historian/stream/cursor.go:477.49,479.3 1 0
github.com/fuserobotics/historian/stream/cursor.go:479.3,479.35 1 1
github.com/fuserobotics/historian/stream/cursor.go:479.35,484.45 1 1
github.com/fuserobotics/historian/stream/cursor.go:484.45,486.4 1 1
github.com/fuserobotics/historian/stream/cursor.go:486.4,489.4 1 1
github.com/fuserobotics/historian/stream/cursor.go:490.3,494.17 4 1
github.com/fuserobotics/historian/stream/cursor.go:494.17,496.4 1 1
github.com/fuserobotics/historian/stream/cursortype_string.go:11.37,12.56 1 0
github.com/fuserobotics/historian/stream/cursortype_string.go:15.2,15.70 1 0
github.com/fuserobotics/historian/stream/cursortype_string.go:12.56,14.3 1 0
